0 info it worked if it ends with ok
1 verbose cli [ '/Users/andrewscwei/.nvm/versions/node/v5.0.0/bin/node',
1 verbose cli   '/Users/andrewscwei/.nvm/versions/node/v5.0.0/bin/npm',
1 verbose cli   'publish' ]
2 info using npm@3.3.10
3 info using node@v5.0.0
4 verbose publish [ '.' ]
5 silly cache add args [ '.', null ]
6 verbose cache add spec .
7 silly cache add parsed spec Result {
7 silly cache add   raw: '.',
7 silly cache add   scope: null,
7 silly cache add   name: null,
7 silly cache add   rawSpec: '.',
7 silly cache add   spec: '/Volumes/Capsule/VARIANTE/Projects/Requiem/Repos/requiem',
7 silly cache add   type: 'directory' }
8 verbose addLocalDirectory /Users/andrewscwei/.npm/requiem/0.27.3/package.tgz not in flight; packing
9 info lifecycle requiem@0.27.3~prepublish: requiem@0.27.3
10 silly lifecycle requiem@0.27.3~prepublish: no script for prepublish, continuing
11 verbose tar pack [ '/Users/andrewscwei/.npm/requiem/0.27.3/package.tgz',
11 verbose tar pack   '/Volumes/Capsule/VARIANTE/Projects/Requiem/Repos/requiem' ]
12 verbose tarball /Users/andrewscwei/.npm/requiem/0.27.3/package.tgz
13 verbose folder /Volumes/Capsule/VARIANTE/Projects/Requiem/Repos/requiem
14 verbose addLocalTarball adding from inside cache /Users/andrewscwei/.npm/requiem/0.27.3/package.tgz
15 silly cache afterAdd requiem@0.27.3
16 verbose afterAdd /Users/andrewscwei/.npm/requiem/0.27.3/package/package.json not in flight; writing
17 verbose afterAdd /Users/andrewscwei/.npm/requiem/0.27.3/package/package.json written
18 silly publish { name: 'requiem',
18 silly publish   version: '0.27.3',
18 silly publish   homepage: 'http://variante.io',
18 silly publish   license: 'MIT',
18 silly publish   private: false,
18 silly publish   main: 'dist/requiem.js',
18 silly publish   authors: [ 'Andrew Wei <andrew@variante.io>' ],
18 silly publish   repository:
18 silly publish    { type: 'git',
18 silly publish      url: 'git+https://github.com/VARIANTE/requiem.git' },
18 silly publish   devDependencies:
18 silly publish    { autoprefixer: '^6.2.3',
18 silly publish      'babel-core': '^6.3.26',
18 silly publish      'babel-loader': '^6.2.0',
18 silly publish      'babel-preset-es2015': '^6.3.13',
18 silly publish      'browser-sync': '^2.10.1',
18 silly publish      del: '^2.2.0',
18 silly publish      gulp: '^3.8.11',
18 silly publish      'gulp-jade': '^1.1.0',
18 silly publish      'gulp-postcss': '^6.0.1',
18 silly publish      'gulp-sass': '^2.1.1',
18 silly publish      'gulp-util': '^3.0.7',
18 silly publish      'html-loader': '^0.4.0',
18 silly publish      jade: '^1.11.0',
18 silly publish      jsdoc: '^3.4.0',
18 silly publish      'requiem-styles': 'git+https://github.com/VARIANTE/requiem-styles.git',
18 silly publish      'run-sequence': '^1.1.5',
18 silly publish      'template-html-loader': '0.0.3',
18 silly publish      vars: 'git+https://github.com/VARIANTE/vars.js.git',
18 silly publish      webpack: '^1.12.9' },
18 silly publish   readme: '# Requiem\n\nRequiem is VARIANTE\'s on-going pet project for experimenting with web UI building techniques. It is a stand-alone front-end framework that, at its current state, is not production ready, has an ever-changing API, and lacks proper documentation. Its features are driven by internal requirements and is meant for internal use only.\n\nRequiem is packaged with UI utilities and base wrapper classes for common DOM elements. It is a stand-alone framework, hence has no external dependencies (i.e. no jQuery required), and around `17kb` gzipped.\n\nRequiem is best paired with its sister stylesheet library [requiem-styles](https://github.com/VARIANTE/requiem-styles).\n\n# Overview\n\nWith Requiem you can easily assign view controllers (JS classes) to DOM elements in a couple simple steps.\n\n1. Assign a view controller class to the DOM element in HTML via the custon `data-class` attribute.\n  ```html\n  <div data-class=\'Foo\'></div>\n  ```\n\n2. Create and register the view controller class, extending Requiem\'s native `Element` which comes loaded with many built-in features. At the end, kick off a sight-read. Sight-reading is the process of crawling through the DOM tree and processing special attributes recognized by Requiem, such as the `data-class` attribute. Sight-reading only needs to be done once on page load.\n  ```js\n  import Requiem, { Element } from \'requiem\';\n\n  class Foo extends Element {\n    ...\n  }\n\n  Requiem.register(Foo, \'Foo\');\n  Requiem.sightread();\n  ```\n\n# API\n\nRaw documentation is generated using JSDoc avaiable in the `docs` directory.\n\n## License\n\nThis software is released under the [MIT License](http://opensource.org/licenses/MIT).\n',
18 silly publish   readmeFilename: 'README.md',
18 silly publish   gitHead: '728a6f5ff34b900bee61ec5d75a45bdf458a19d7',
18 silly publish   description: 'Requiem is VARIANTE\'s on-going pet project for experimenting with web UI building techniques. It is a stand-alone front-end framework that, at its current state, is not production ready, has an ever-changing API, and lacks proper documentation. Its features are driven by internal requirements and is meant for internal use only.',
18 silly publish   bugs: { url: 'https://github.com/VARIANTE/requiem/issues' },
18 silly publish   _id: 'requiem@0.27.3',
18 silly publish   scripts: {},
18 silly publish   _shasum: 'bef5b05e0604bad72419df67d13cd300bc999558',
18 silly publish   _from: '.' }
19 verbose getPublishConfig undefined
20 silly mapToRegistry name requiem
21 silly mapToRegistry using default registry
22 silly mapToRegistry registry https://registry.npmjs.org/
23 silly mapToRegistry uri https://registry.npmjs.org/requiem
24 verbose publish registryBase https://registry.npmjs.org/
25 silly publish uploading /Users/andrewscwei/.npm/requiem/0.27.3/package.tgz
26 verbose request uri https://registry.npmjs.org/requiem
27 verbose request sending authorization for write operation
28 info attempt registry request try #1 at 2:49:50 PM
29 verbose request using bearer token for auth
30 verbose request id d5910d365fa68f77
31 http request PUT https://registry.npmjs.org/requiem
32 http 403 https://registry.npmjs.org/requiem
33 verbose headers { 'content-type': 'application/json',
33 verbose headers   'cache-control': 'max-age=300',
33 verbose headers   'content-length': '99',
33 verbose headers   'accept-ranges': 'bytes',
33 verbose headers   date: 'Thu, 14 Jan 2016 22:49:52 GMT',
33 verbose headers   via: '1.1 varnish',
33 verbose headers   connection: 'keep-alive',
33 verbose headers   'x-served-by': 'cache-lax1433-LAX',
33 verbose headers   'x-cache': 'MISS',
33 verbose headers   'x-cache-hits': '0',
33 verbose headers   'x-timer': 'S1452811791.246151,VS0,VE1266' }
34 verbose request invalidating /Users/andrewscwei/.npm/registry.npmjs.org/requiem on PUT
35 error publish Failed PUT 403
36 verbose stack Error: You do not have permission to publish 'requiem'. Are you logged in as the correct user? : requiem
36 verbose stack     at makeError (/Users/andrewscwei/.nvm/versions/node/v5.0.0/lib/node_modules/npm/node_modules/npm-registry-client/lib/request.js:264:12)
36 verbose stack     at CachingRegistryClient.<anonymous> (/Users/andrewscwei/.nvm/versions/node/v5.0.0/lib/node_modules/npm/node_modules/npm-registry-client/lib/request.js:252:14)
36 verbose stack     at Request._callback (/Users/andrewscwei/.nvm/versions/node/v5.0.0/lib/node_modules/npm/node_modules/npm-registry-client/lib/request.js:172:14)
36 verbose stack     at Request.self.callback (/Users/andrewscwei/.nvm/versions/node/v5.0.0/lib/node_modules/npm/node_modules/request/request.js:198:22)
36 verbose stack     at emitTwo (events.js:87:13)
36 verbose stack     at Request.emit (events.js:172:7)
36 verbose stack     at Request.<anonymous> (/Users/andrewscwei/.nvm/versions/node/v5.0.0/lib/node_modules/npm/node_modules/request/request.js:1082:10)
36 verbose stack     at emitOne (events.js:82:20)
36 verbose stack     at Request.emit (events.js:169:7)
36 verbose stack     at IncomingMessage.<anonymous> (/Users/andrewscwei/.nvm/versions/node/v5.0.0/lib/node_modules/npm/node_modules/request/request.js:1009:12)
37 verbose statusCode 403
38 verbose pkgid requiem
39 verbose cwd /Volumes/Capsule/VARIANTE/Projects/Requiem/Repos/requiem
40 error Darwin 15.2.0
41 error argv "/Users/andrewscwei/.nvm/versions/node/v5.0.0/bin/node" "/Users/andrewscwei/.nvm/versions/node/v5.0.0/bin/npm" "publish"
42 error node v5.0.0
43 error npm  v3.3.10
44 error code E403
45 error You do not have permission to publish 'requiem'. Are you logged in as the correct user? : requiem
46 error If you need help, you may report this error at:
46 error     <https://github.com/npm/npm/issues>
47 verbose exit [ 1, true ]
